<?xml version="1.0" encoding="UTF-8"?>
<testng-results ignored="0" total="0" passed="0" failed="0" skipped="0">
  <reporter-output>
  </reporter-output>
  <suite started-at="2025-01-18T20:07:30 CST" name="Surefire suite" finished-at="2025-01-18T20:07:39 CST" duration-ms="8743">
    <groups>
    </groups>
    <test started-at="2025-01-18T20:07:30 CST" name="Surefire test" finished-at="2025-01-18T20:07:39 CST" duration-ms="8743">
    </test> <!-- Surefire test -->
  </suite> <!-- Surefire suite -->
</testng-results>
